<?xml version="1.0" encoding="UTF-8"?>
<!-- Generated by org.testng.reporters.JUnitReportReporter -->
<testsuite hostname="LAPTOP-8PV5OBQH" failures="0" tests="1" name="goibibo.multiplepagesinwebtable" time="7.880" errors="0" timestamp="2023-05-10T07:46:53 IST" skipped="0">
  <testcase classname="goibibo.multiplepagesinwebtable" name="multipages" time="7.880"/>
  <system-out/>
</testsuite> <!-- goibibo.multiplepagesinwebtable -->
