<?xml version="1.0" encoding="UTF-8"?>
<!-- Generated by org.testng.reporters.JUnitReportReporter -->
<testsuite hostname="LAPTOP-8PV5OBQH" failures="0" tests="1" name="hpack.july23" time="16.905" errors="0" timestamp="2023-07-23T10:02:32 IST" skipped="0">
  <testcase classname="hpack.july23" name="dc" time="16.905"/>
  <system-out/>
</testsuite> <!-- hpack.july23 -->
