<?xml version="1.0" encoding="UTF-8"?>
<!-- Generated by org.testng.reporters.JUnitReportReporter -->
<testsuite hostname="LAPTOP-8PV5OBQH" failures="0" tests="1" name="hpack.dynamic" time="5.671" errors="0" timestamp="2023-07-12T22:23:34 IST" skipped="0">
  <testcase classname="hpack.dynamic" name="dynamic" time="5.671"/>
  <system-out/>
</testsuite> <!-- hpack.dynamic -->
