<?xml version="1.0" encoding="UTF-8"?>
<!-- Generated by org.testng.reporters.JUnitReportReporter -->
<testsuite hostname="LAPTOP-8PV5OBQH" failures="0" tests="1" name="goibibo.coditas" time="7.418" errors="0" timestamp="2023-07-12T21:45:51 IST" skipped="0">
  <testcase classname="goibibo.coditas" name="coditas" time="7.418"/>
  <system-out/>
</testsuite> <!-- goibibo.coditas -->
